#
# There is insufficient memory for the Java Runtime Environment to continue.
# Native memory allocation (mmap) failed to map 65536 bytes for Failed to commit metaspace.
# Possible reasons:
#   The system is out of physical RAM or swap space
#   The process is running with CompressedOops enabled, and the Java Heap may be blocking the growth of the native heap
# Possible solutions:
#   Reduce memory load on the system
#   Increase physical memory or swap space
#   Check if swap backing store is full
#   Decrease Java heap size (-Xmx/-Xms)
#   Decrease number of Java threads
#   Decrease Java thread stack sizes (-Xss)
#   Set larger code cache with -XX:ReservedCodeCacheSize=
#   JVM is running with Unscaled Compressed Oops mode in which the Java heap is
#     placed in the first 4GB address space. The Java Heap base address is the
#     maximum limit for the native heap growth. Please use -XX:HeapBaseMinAddress
#     to set the Java Heap base and to place the Java Heap above 4GB virtual address.
# This output file may be truncated or incomplete.
#
#  Out of Memory Error (virtualSpaceNode.cpp:110), pid=7404, tid=12840
#
# JRE version: OpenJDK Runtime Environment JBR-17.0.10+8-1207.12-jcef (17.0.10+8) (build 17.0.10+8-b1207.12)
# Java VM: OpenJDK 64-Bit Server VM JBR-17.0.10+8-1207.12-jcef (17.0.10+8-b1207.12, mixed mode, tiered, compressed oops, compressed class ptrs, g1 gc, windows-amd64)
# No core dump will be written. Minidumps are not enabled by default on client versions of Windows
#

---------------  S U M M A R Y ------------

Command Line: git4idea.http.GitAskPassApp Username for 'https://github.com': 

Host: Intel(R) Core(TM) i5-3337U CPU @ 1.80GHz, 4 cores, 7G,  Windows 10 , 64 bit Build 19041 (10.0.19041.4717)
Time: Sat Sep  7 16:16:34 2024 ora legale Europa occidentale elapsed time: 0.718047 seconds (0d 0h 0m 0s)

---------------  T H R E A D  ---------------

Current thread (0x00000261ff95c130):  JavaThread "C1 CompilerThread0" daemon [_thread_in_vm, id=12840, stack(0x000000ce5a800000,0x000000ce5a900000)]


Current CompileTask:
C1:    718  822       3       java.lang.ref.Reference::refersToImpl (6 bytes)

Stack: [0x000000ce5a800000,0x000000ce5a900000]
Native frames: (J=compiled Java code, j=interpreted, Vv=VM code, C=native code)
V  [jvm.dll+0x687989]
V  [jvm.dll+0x84116a]
V  [jvm.dll+0x842dae]
V  [jvm.dll+0x843413]
V  [jvm.dll+0x249ccf]
V  [jvm.dll+0x83c11b]
V  [jvm.dll+0x62bf36]
V  [jvm.dll+0x62bf9a]
V  [jvm.dll+0x62e7ca]
V  [jvm.dll+0x62c8d6]
V  [jvm.dll+0x63dc5a]
V  [jvm.dll+0x6369fa]
V  [jvm.dll+0x1cea70]
V  [jvm.dll+0x1cec60]
V  [jvm.dll+0x136b3e]
V  [jvm.dll+0x136e66]
V  [jvm.dll+0x1362fa]
V  [jvm.dll+0x137fb1]
V  [jvm.dll+0x22ac2e]
V  [jvm.dll+0x228db5]
V  [jvm.dll+0x7f5417]
V  [jvm.dll+0x7ef81a]
V  [jvm.dll+0x686805]
C  [ucrtbase.dll+0x21bb2]
C  [KERNEL32.DLL+0x17374]
C  [ntdll.dll+0x4cc91]


---------------  P R O C E S S  ---------------

Threads class SMR info:
_java_thread_list=0x000002618616f550, length=13, elements={
0x00000261e8000ef0, 0x00000261ff7e2260, 0x00000261ff7e2ff0, 0x00000261ff7cc560,
0x00000261ff7cd2f0, 0x00000261ff7ced30, 0x00000261ff94f830, 0x00000261ff953810,
0x00000261ff95c130, 0x00000261ff95d630, 0x00000261ffac5010, 0x00000261ffad2620,
0x0000026186192cf0
}

Java Threads: ( => current thread )
  0x00000261e8000ef0 JavaThread "main" [_thread_in_vm, id=5252, stack(0x000000ce59a00000,0x000000ce59b00000)]
  0x00000261ff7e2260 JavaThread "Reference Handler" daemon [_thread_blocked, id=4812, stack(0x000000ce5a100000,0x000000ce5a200000)]
  0x00000261ff7e2ff0 JavaThread "Finalizer" daemon [_thread_blocked, id=1288, stack(0x000000ce5a200000,0x000000ce5a300000)]
  0x00000261ff7cc560 JavaThread "Signal Dispatcher" daemon [_thread_blocked, id=13256, stack(0x000000ce5a300000,0x000000ce5a400000)]
  0x00000261ff7cd2f0 JavaThread "Attach Listener" daemon [_thread_blocked, id=5904, stack(0x000000ce5a400000,0x000000ce5a500000)]
  0x00000261ff7ced30 JavaThread "Service Thread" daemon [_thread_blocked, id=5604, stack(0x000000ce5a500000,0x000000ce5a600000)]
  0x00000261ff94f830 JavaThread "Monitor Deflation Thread" daemon [_thread_blocked, id=6372, stack(0x000000ce5a600000,0x000000ce5a700000)]
  0x00000261ff953810 JavaThread "C2 CompilerThread0" daemon [_thread_blocked, id=3016, stack(0x000000ce5a700000,0x000000ce5a800000)]
=>0x00000261ff95c130 JavaThread "C1 CompilerThread0" daemon [_thread_in_vm, id=12840, stack(0x000000ce5a800000,0x000000ce5a900000)]
  0x00000261ff95d630 JavaThread "Sweeper thread" daemon [_thread_blocked, id=8824, stack(0x000000ce5a900000,0x000000ce5aa00000)]
  0x00000261ffac5010 JavaThread "Notification Thread" daemon [_thread_blocked, id=4836, stack(0x000000ce5aa00000,0x000000ce5ab00000)]
  0x00000261ffad2620 JavaThread "Common-Cleaner" daemon [_thread_blocked, id=3320, stack(0x000000ce5ac00000,0x000000ce5ad00000)]
  0x0000026186192cf0 JavaThread "HttpClient-1-SelectorManager" daemon [_thread_in_native, id=2460, stack(0x000000ce5ad00000,0x000000ce5ae00000)]

Other Threads:
  0x00000261ff769c50 VMThread "VM Thread" [stack: 0x000000ce5a000000,0x000000ce5a100000] [id=11200]
  0x00000261ffac54f0 WatcherThread [stack: 0x000000ce5ab00000,0x000000ce5ac00000] [id=10380]
  0x00000261e8059740 GCTaskThread "GC Thread#0" [stack: 0x000000ce59b00000,0x000000ce59c00000] [id=12144]
  0x00000261e806a260 ConcurrentGCThread "G1 Main Marker" [stack: 0x000000ce59c00000,0x000000ce59d00000] [id=4904]
  0x00000261e806b330 ConcurrentGCThread "G1 Conc#0" [stack: 0x000000ce59d00000,0x000000ce59e00000] [id=9436]
  0x00000261e80bd2c0 ConcurrentGCThread "G1 Refine#0" [stack: 0x000000ce59e00000,0x000000ce59f00000] [id=832]
  0x00000261e80bdc00 ConcurrentGCThread "G1 Service" [stack: 0x000000ce59f00000,0x000000ce5a000000] [id=12120]

Threads with active compile tasks:
C1 CompilerThread0      741  822       3       java.lang.ref.Reference::refersToImpl (6 bytes)

VM state: not at safepoint (normal execution)

VM Mutex/Monitor currently owned by a thread:  ([mutex/lock_event])
[0x00000261e7ffc0d0] Metaspace_lock - owner thread: 0x00000261ff95c130
[0x00000261e7ffad20] MethodData_lock - owner thread: 0x00000261ff95c130

Heap address: 0x0000000081a00000, size: 2022 MB, Compressed Oops mode: 32-bit

CDS archive(s) not mapped
Compressed class space mapped at: 0x0000000100000000-0x0000000140000000, reserved size: 1073741824
Narrow klass base: 0x0000000000000000, Narrow klass shift: 3, Narrow klass range: 0x140000000

GC Precious Log:
 CPUs: 4 total, 4 available
 Memory: 8084M
 Large Page Support: Disabled
 NUMA Support: Disabled
 Compressed Oops: Enabled (32-bit)
 Heap Region Size: 1M
 Heap Min Capacity: 8M
 Heap Initial Capacity: 128M
 Heap Max Capacity: 2022M
 Pre-touch: Disabled
 Parallel Workers: 4
 Concurrent Workers: 1
 Concurrent Refinement Workers: 4
 Periodic GC: Disabled

Heap:
 garbage-first heap   total 131072K, used 9216K [0x0000000081a00000, 0x0000000100000000)
  region size 1024K, 10 young (10240K), 0 survivors (0K)
 Metaspace       used 13728K, committed 13888K, reserved 1114112K
  class space    used 1357K, committed 1472K, reserved 1048576K

Heap Regions: E=young(eden), S=young(survivor), O=old, HS=humongous(starts), HC=humongous(continues), CS=collection set, F=free, OA=open archive, CA=closed archive, TAMS=top-at-mark-start (previous, next)
|   0|0x0000000081a00000, 0x0000000081a00000, 0x0000000081b00000|  0%| F|  |TAMS 0x0000000081a00000, 0x0000000081a00000| Untracked 
|   1|0x0000000081b00000, 0x0000000081b00000, 0x0000000081c00000|  0%| F|  |TAMS 0x0000000081b00000, 0x0000000081b00000| Untracked 
|   2|0x0000000081c00000, 0x0000000081c00000, 0x0000000081d00000|  0%| F|  |TAMS 0x0000000081c00000, 0x0000000081c00000| Untracked 
|   3|0x0000000081d00000, 0x0000000081d00000, 0x0000000081e00000|  0%| F|  |TAMS 0x0000000081d00000, 0x0000000081d00000| Untracked 
|   4|0x0000000081e00000, 0x0000000081e00000, 0x0000000081f00000|  0%| F|  |TAMS 0x0000000081e00000, 0x0000000081e00000| Untracked 
|   5|0x0000000081f00000, 0x0000000081f00000, 0x0000000082000000|  0%| F|  |TAMS 0x0000000081f00000, 0x0000000081f00000| Untracked 
|   6|0x0000000082000000, 0x0000000082000000, 0x0000000082100000|  0%| F|  |TAMS 0x0000000082000000, 0x0000000082000000| Untracked 
|   7|0x0000000082100000, 0x0000000082100000, 0x0000000082200000|  0%| F|  |TAMS 0x0000000082100000, 0x0000000082100000| Untracked 
|   8|0x0000000082200000, 0x0000000082200000, 0x0000000082300000|  0%| F|  |TAMS 0x0000000082200000, 0x0000000082200000| Untracked 
|   9|0x0000000082300000, 0x0000000082300000, 0x0000000082400000|  0%| F|  |TAMS 0x0000000082300000, 0x0000000082300000| Untracked 
|  10|0x0000000082400000, 0x0000000082400000, 0x0000000082500000|  0%| F|  |TAMS 0x0000000082400000, 0x0000000082400000| Untracked 
|  11|0x0000000082500000, 0x0000000082500000, 0x0000000082600000|  0%| F|  |TAMS 0x0000000082500000, 0x0000000082500000| Untracked 
|  12|0x0000000082600000, 0x0000000082600000, 0x0000000082700000|  0%| F|  |TAMS 0x0000000082600000, 0x0000000082600000| Untracked 
|  13|0x0000000082700000, 0x0000000082700000, 0x0000000082800000|  0%| F|  |TAMS 0x0000000082700000, 0x0000000082700000| Untracked 
|  14|0x0000000082800000, 0x0000000082800000, 0x0000000082900000|  0%| F|  |TAMS 0x0000000082800000, 0x0000000082800000| Untracked 
|  15|0x0000000082900000, 0x0000000082900000, 0x0000000082a00000|  0%| F|  |TAMS 0x0000000082900000, 0x0000000082900000| Untracked 
|  16|0x0000000082a00000, 0x0000000082a00000, 0x0000000082b00000|  0%| F|  |TAMS 0x0000000082a00000, 0x0000000082a00000| Untracked 
|  17|0x0000000082b00000, 0x0000000082b00000, 0x0000000082c00000|  0%| F|  |TAMS 0x0000000082b00000, 0x0000000082b00000| Untracked 
|  18|0x0000000082c00000, 0x0000000082c00000, 0x0000000082d00000|  0%| F|  |TAMS 0x0000000082c00000, 0x0000000082c00000| Untracked 
|  19|0x0000000082d00000, 0x0000000082d00000, 0x0000000082e00000|  0%| F|  |TAMS 0x0000000082d00000, 0x0000000082d00000| Untracked 
|  20|0x0000000082e00000, 0x0000000082e00000, 0x0000000082f00000|  0%| F|  |TAMS 0x0000000082e00000, 0x0000000082e00000| Untracked 
|  21|0x0000000082f00000, 0x0000000082f00000, 0x0000000083000000|  0%| F|  |TAMS 0x0000000082f00000, 0x0000000082f00000| Untracked 
|  22|0x0000000083000000, 0x0000000083000000, 0x0000000083100000|  0%| F|  |TAMS 0x0000000083000000, 0x0000000083000000| Untracked 
|  23|0x0000000083100000, 0x0000000083100000, 0x0000000083200000|  0%| F|  |TAMS 0x0000000083100000, 0x0000000083100000| Untracked 
|  24|0x0000000083200000, 0x0000000083200000, 0x0000000083300000|  0%| F|  |TAMS 0x0000000083200000, 0x0000000083200000| Untracked 
|  25|0x0000000083300000, 0x0000000083300000, 0x0000000083400000|  0%| F|  |TAMS 0x0000000083300000, 0x0000000083300000| Untracked 
|  26|0x0000000083400000, 0x0000000083400000, 0x0000000083500000|  0%| F|  |TAMS 0x0000000083400000, 0x0000000083400000| Untracked 
|  27|0x0000000083500000, 0x0000000083500000, 0x0000000083600000|  0%| F|  |TAMS 0x0000000083500000, 0x0000000083500000| Untracked 
|  28|0x0000000083600000, 0x0000000083600000, 0x0000000083700000|  0%| F|  |TAMS 0x0000000083600000, 0x0000000083600000| Untracked 
|  29|0x0000000083700000, 0x0000000083700000, 0x0000000083800000|  0%| F|  |TAMS 0x0000000083700000, 0x0000000083700000| Untracked 
|  30|0x0000000083800000, 0x0000000083800000, 0x0000000083900000|  0%| F|  |TAMS 0x0000000083800000, 0x0000000083800000| Untracked 
|  31|0x0000000083900000, 0x0000000083900000, 0x0000000083a00000|  0%| F|  |TAMS 0x0000000083900000, 0x0000000083900000| Untracked 
|  32|0x0000000083a00000, 0x0000000083a00000, 0x0000000083b00000|  0%| F|  |TAMS 0x0000000083a00000, 0x0000000083a00000| Untracked 
|  33|0x0000000083b00000, 0x0000000083b00000, 0x0000000083c00000|  0%| F|  |TAMS 0x0000000083b00000, 0x0000000083b00000| Untracked 
|  34|0x0000000083c00000, 0x0000000083c00000, 0x0000000083d00000|  0%| F|  |TAMS 0x0000000083c00000, 0x0000000083c00000| Untracked 
|  35|0x0000000083d00000, 0x0000000083d00000, 0x0000000083e00000|  0%| F|  |TAMS 0x0000000083d00000, 0x0000000083d00000| Untracked 
|  36|0x0000000083e00000, 0x0000000083e00000, 0x0000000083f00000|  0%| F|  |TAMS 0x0000000083e00000, 0x0000000083e00000| Untracked 
|  37|0x0000000083f00000, 0x0000000083f00000, 0x0000000084000000|  0%| F|  |TAMS 0x0000000083f00000, 0x0000000083f00000| Untracked 
|  38|0x0000000084000000, 0x0000000084000000, 0x0000000084100000|  0%| F|  |TAMS 0x0000000084000000, 0x0000000084000000| Untracked 
|  39|0x0000000084100000, 0x0000000084100000, 0x0000000084200000|  0%| F|  |TAMS 0x0000000084100000, 0x0000000084100000| Untracked 
|  40|0x0000000084200000, 0x0000000084200000, 0x0000000084300000|  0%| F|  |TAMS 0x0000000084200000, 0x0000000084200000| Untracked 
|  41|0x0000000084300000, 0x0000000084300000, 0x0000000084400000|  0%| F|  |TAMS 0x0000000084300000, 0x0000000084300000| Untracked 
|  42|0x0000000084400000, 0x0000000084400000, 0x0000000084500000|  0%| F|  |TAMS 0x0000000084400000, 0x0000000084400000| Untracked 
|  43|0x0000000084500000, 0x0000000084500000, 0x0000000084600000|  0%| F|  |TAMS 0x0000000084500000, 0x0000000084500000| Untracked 
|  44|0x0000000084600000, 0x0000000084600000, 0x0000000084700000|  0%| F|  |TAMS 0x0000000084600000, 0x0000000084600000| Untracked 
|  45|0x0000000084700000, 0x0000000084700000, 0x0000000084800000|  0%| F|  |TAMS 0x0000000084700000, 0x0000000084700000| Untracked 
|  46|0x0000000084800000, 0x0000000084800000, 0x0000000084900000|  0%| F|  |TAMS 0x0000000084800000, 0x0000000084800000| Untracked 
|  47|0x0000000084900000, 0x0000000084900000, 0x0000000084a00000|  0%| F|  |TAMS 0x0000000084900000, 0x0000000084900000| Untracked 
|  48|0x0000000084a00000, 0x0000000084a00000, 0x0000000084b00000|  0%| F|  |TAMS 0x0000000084a00000, 0x0000000084a00000| Untracked 
|  49|0x0000000084b00000, 0x0000000084b00000, 0x0000000084c00000|  0%| F|  |TAMS 0x0000000084b00000, 0x0000000084b00000| Untracked 
|  50|0x0000000084c00000, 0x0000000084c00000, 0x0000000084d00000|  0%| F|  |TAMS 0x0000000084c00000, 0x0000000084c00000| Untracked 
|  51|0x0000000084d00000, 0x0000000084d00000, 0x0000000084e00000|  0%| F|  |TAMS 0x0000000084d00000, 0x0000000084d00000| Untracked 
|  52|0x0000000084e00000, 0x0000000084e00000, 0x0000000084f00000|  0%| F|  |TAMS 0x0000000084e00000, 0x0000000084e00000| Untracked 
|  53|0x0000000084f00000, 0x0000000084f00000, 0x0000000085000000|  0%| F|  |TAMS 0x0000000084f00000, 0x0000000084f00000| Untracked 
|  54|0x0000000085000000, 0x0000000085000000, 0x0000000085100000|  0%| F|  |TAMS 0x0000000085000000, 0x0000000085000000| Untracked 
|  55|0x0000000085100000, 0x0000000085100000, 0x0000000085200000|  0%| F|  |TAMS 0x0000000085100000, 0x0000000085100000| Untracked 
|  56|0x0000000085200000, 0x0000000085200000, 0x0000000085300000|  0%| F|  |TAMS 0x0000000085200000, 0x0000000085200000| Untracked 
|  57|0x0000000085300000, 0x0000000085300000, 0x0000000085400000|  0%| F|  |TAMS 0x0000000085300000, 0x0000000085300000| Untracked 
|  58|0x0000000085400000, 0x0000000085400000, 0x0000000085500000|  0%| F|  |TAMS 0x0000000085400000, 0x0000000085400000| Untracked 
|  59|0x0000000085500000, 0x0000000085500000, 0x0000000085600000|  0%| F|  |TAMS 0x0000000085500000, 0x0000000085500000| Untracked 
|  60|0x0000000085600000, 0x0000000085600000, 0x0000000085700000|  0%| F|  |TAMS 0x0000000085600000, 0x0000000085600000| Untracked 
|  61|0x0000000085700000, 0x0000000085700000, 0x0000000085800000|  0%| F|  |TAMS 0x0000000085700000, 0x0000000085700000| Untracked 
|  62|0x0000000085800000, 0x0000000085800000, 0x0000000085900000|  0%| F|  |TAMS 0x0000000085800000, 0x0000000085800000| Untracked 
|  63|0x0000000085900000, 0x0000000085900000, 0x0000000085a00000|  0%| F|  |TAMS 0x0000000085900000, 0x0000000085900000| Untracked 
|  64|0x0000000085a00000, 0x0000000085a00000, 0x0000000085b00000|  0%| F|  |TAMS 0x0000000085a00000, 0x0000000085a00000| Untracked 
|  65|0x0000000085b00000, 0x0000000085b00000, 0x0000000085c00000|  0%| F|  |TAMS 0x0000000085b00000, 0x0000000085b00000| Untracked 
|  66|0x0000000085c00000, 0x0000000085c00000, 0x0000000085d00000|  0%| F|  |TAMS 0x0000000085c00000, 0x0000000085c00000| Untracked 
|  67|0x0000000085d00000, 0x0000000085d00000, 0x0000000085e00000|  0%| F|  |TAMS 0x0000000085d00000, 0x0000000085d00000| Untracked 
|  68|0x0000000085e00000, 0x0000000085e00000, 0x0000000085f00000|  0%| F|  |TAMS 0x0000000085e00000, 0x0000000085e00000| Untracked 
|  69|0x0000000085f00000, 0x0000000085f00000, 0x0000000086000000|  0%| F|  |TAMS 0x0000000085f00000, 0x0000000085f00000| Untracked 
|  70|0x0000000086000000, 0x0000000086000000, 0x0000000086100000|  0%| F|  |TAMS 0x0000000086000000, 0x0000000086000000| Untracked 
|  71|0x0000000086100000, 0x0000000086100000, 0x0000000086200000|  0%| F|  |TAMS 0x0000000086100000, 0x0000000086100000| Untracked 
|  72|0x0000000086200000, 0x0000000086200000, 0x0000000086300000|  0%| F|  |TAMS 0x0000000086200000, 0x0000000086200000| Untracked 
|  73|0x0000000086300000, 0x0000000086300000, 0x0000000086400000|  0%| F|  |TAMS 0x0000000086300000, 0x0000000086300000| Untracked 
|  74|0x0000000086400000, 0x0000000086400000, 0x0000000086500000|  0%| F|  |TAMS 0x0000000086400000, 0x0000000086400000| Untracked 
|  75|0x0000000086500000, 0x0000000086500000, 0x0000000086600000|  0%| F|  |TAMS 0x0000000086500000, 0x0000000086500000| Untracked 
|  76|0x0000000086600000, 0x0000000086600000, 0x0000000086700000|  0%| F|  |TAMS 0x0000000086600000, 0x0000000086600000| Untracked 
|  77|0x0000000086700000, 0x0000000086700000, 0x0000000086800000|  0%| F|  |TAMS 0x0000000086700000, 0x0000000086700000| Untracked 
|  78|0x0000000086800000, 0x0000000086800000, 0x0000000086900000|  0%| F|  |TAMS 0x0000000086800000, 0x0000000086800000| Untracked 
|  79|0x0000000086900000, 0x0000000086900000, 0x0000000086a00000|  0%| F|  |TAMS 0x0000000086900000, 0x0000000086900000| Untracked 
|  80|0x0000000086a00000, 0x0000000086a00000, 0x0000000086b00000|  0%| F|  |TAMS 0x0000000086a00000, 0x0000000086a00000| Untracked 
|  81|0x0000000086b00000, 0x0000000086b00000, 0x0000000086c00000|  0%| F|  |TAMS 0x0000000086b00000, 0x0000000086b00000| Untracked 
|  82|0x0000000086c00000, 0x0000000086c00000, 0x0000000086d00000|  0%| F|  |TAMS 0x0000000086c00000, 0x0000000086c00000| Untracked 
|  83|0x0000000086d00000, 0x0000000086d00000, 0x0000000086e00000|  0%| F|  |TAMS 0x0000000086d00000, 0x0000000086d00000| Untracked 
|  84|0x0000000086e00000, 0x0000000086e00000, 0x0000000086f00000|  0%| F|  |TAMS 0x0000000086e00000, 0x0000000086e00000| Untracked 
|  85|0x0000000086f00000, 0x0000000086f00000, 0x0000000087000000|  0%| F|  |TAMS 0x0000000086f00000, 0x0000000086f00000| Untracked 
|  86|0x0000000087000000, 0x0000000087000000, 0x0000000087100000|  0%| F|  |TAMS 0x0000000087000000, 0x0000000087000000| Untracked 
|  87|0x0000000087100000, 0x0000000087100000, 0x0000000087200000|  0%| F|  |TAMS 0x0000000087100000, 0x0000000087100000| Untracked 
|  88|0x0000000087200000, 0x0000000087200000, 0x0000000087300000|  0%| F|  |TAMS 0x0000000087200000, 0x0000000087200000| Untracked 
|  89|0x0000000087300000, 0x0000000087300000, 0x0000000087400000|  0%| F|  |TAMS 0x0000000087300000, 0x0000000087300000| Untracked 
|  90|0x0000000087400000, 0x0000000087400000, 0x0000000087500000|  0%| F|  |TAMS 0x0000000087400000, 0x0000000087400000| Untracked 
|  91|0x0000000087500000, 0x0000000087500000, 0x0000000087600000|  0%| F|  |TAMS 0x0000000087500000, 0x0000000087500000| Untracked 
|  92|0x0000000087600000, 0x0000000087600000, 0x0000000087700000|  0%| F|  |TAMS 0x0000000087600000, 0x0000000087600000| Untracked 
|  93|0x0000000087700000, 0x0000000087700000, 0x0000000087800000|  0%| F|  |TAMS 0x0000000087700000, 0x0000000087700000| Untracked 
|  94|0x0000000087800000, 0x0000000087800000, 0x0000000087900000|  0%| F|  |TAMS 0x0000000087800000, 0x0000000087800000| Untracked 
|  95|0x0000000087900000, 0x0000000087900000, 0x0000000087a00000|  0%| F|  |TAMS 0x0000000087900000, 0x0000000087900000| Untracked 
|  96|0x0000000087a00000, 0x0000000087a00000, 0x0000000087b00000|  0%| F|  |TAMS 0x0000000087a00000, 0x0000000087a00000| Untracked 
|  97|0x0000000087b00000, 0x0000000087b00000, 0x0000000087c00000|  0%| F|  |TAMS 0x0000000087b00000, 0x0000000087b00000| Untracked 
|  98|0x0000000087c00000, 0x0000000087c00000, 0x0000000087d00000|  0%| F|  |TAMS 0x0000000087c00000, 0x0000000087c00000| Untracked 
|  99|0x0000000087d00000, 0x0000000087d00000, 0x0000000087e00000|  0%| F|  |TAMS 0x0000000087d00000, 0x0000000087d00000| Untracked 
| 100|0x0000000087e00000, 0x0000000087e00000, 0x0000000087f00000|  0%| F|  |TAMS 0x0000000087e00000, 0x0000000087e00000| Untracked 
| 101|0x0000000087f00000, 0x0000000087f00000, 0x0000000088000000|  0%| F|  |TAMS 0x0000000087f00000, 0x0000000087f00000| Untracked 
| 102|0x0000000088000000, 0x0000000088000000, 0x0000000088100000|  0%| F|  |TAMS 0x0000000088000000, 0x0000000088000000| Untracked 
| 103|0x0000000088100000, 0x0000000088100000, 0x0000000088200000|  0%| F|  |TAMS 0x0000000088100000, 0x0000000088100000| Untracked 
| 104|0x0000000088200000, 0x0000000088200000, 0x0000000088300000|  0%| F|  |TAMS 0x0000000088200000, 0x0000000088200000| Untracked 
| 105|0x0000000088300000, 0x0000000088300000, 0x0000000088400000|  0%| F|  |TAMS 0x0000000088300000, 0x0000000088300000| Untracked 
| 106|0x0000000088400000, 0x0000000088400000, 0x0000000088500000|  0%| F|  |TAMS 0x0000000088400000, 0x0000000088400000| Untracked 
| 107|0x0000000088500000, 0x0000000088500000, 0x0000000088600000|  0%| F|  |TAMS 0x0000000088500000, 0x0000000088500000| Untracked 
| 108|0x0000000088600000, 0x0000000088600000, 0x0000000088700000|  0%| F|  |TAMS 0x0000000088600000, 0x0000000088600000| Untracked 
| 109|0x0000000088700000, 0x0000000088700000, 0x0000000088800000|  0%| F|  |TAMS 0x0000000088700000, 0x0000000088700000| Untracked 
| 110|0x0000000088800000, 0x0000000088800000, 0x0000000088900000|  0%| F|  |TAMS 0x0000000088800000, 0x0000000088800000| Untracked 
| 111|0x0000000088900000, 0x0000000088900000, 0x0000000088a00000|  0%| F|  |TAMS 0x0000000088900000, 0x0000000088900000| Untracked 
| 112|0x0000000088a00000, 0x0000000088a00000, 0x0000000088b00000|  0%| F|  |TAMS 0x0000000088a00000, 0x0000000088a00000| Untracked 
| 113|0x0000000088b00000, 0x0000000088b00000, 0x0000000088c00000|  0%| F|  |TAMS 0x0000000088b00000, 0x0000000088b00000| Untracked 
| 114|0x0000000088c00000, 0x0000000088c00000, 0x0000000088d00000|  0%| F|  |TAMS 0x0000000088c00000, 0x0000000088c00000| Untracked 
| 115|0x0000000088d00000, 0x0000000088d00000, 0x0000000088e00000|  0%| F|  |TAMS 0x0000000088d00000, 0x0000000088d00000| Untracked 
| 116|0x0000000088e00000, 0x0000000088e00000, 0x0000000088f00000|  0%| F|  |TAMS 0x0000000088e00000, 0x0000000088e00000| Untracked 
| 117|0x0000000088f00000, 0x0000000088f00000, 0x0000000089000000|  0%| F|  |TAMS 0x0000000088f00000, 0x0000000088f00000| Untracked 
| 118|0x0000000089000000, 0x0000000089100000, 0x0000000089100000|100%| E|  |TAMS 0x0000000089000000, 0x0000000089000000| Complete 
| 119|0x0000000089100000, 0x0000000089200000, 0x0000000089200000|100%| E|CS|TAMS 0x0000000089100000, 0x0000000089100000| Complete 
| 120|0x0000000089200000, 0x0000000089300000, 0x0000000089300000|100%| E|CS|TAMS 0x0000000089200000, 0x0000000089200000| Complete 
| 121|0x0000000089300000, 0x0000000089400000, 0x0000000089400000|100%| E|CS|TAMS 0x0000000089300000, 0x0000000089300000| Complete 
| 122|0x0000000089400000, 0x0000000089500000, 0x0000000089500000|100%| E|CS|TAMS 0x0000000089400000, 0x0000000089400000| Complete 
| 123|0x0000000089500000, 0x0000000089600000, 0x0000000089600000|100%| E|CS|TAMS 0x0000000089500000, 0x0000000089500000| Complete 
| 124|0x0000000089600000, 0x0000000089700000, 0x0000000089700000|100%| E|CS|TAMS 0x0000000089600000, 0x0000000089600000| Complete 
| 125|0x0000000089700000, 0x0000000089800000, 0x0000000089800000|100%| E|CS|TAMS 0x0000000089700000, 0x0000000089700000| Complete 
| 126|0x0000000089800000, 0x0000000089900000, 0x0000000089900000|100%| E|CS|TAMS 0x0000000089800000, 0x0000000089800000| Complete 
| 127|0x0000000089900000, 0x0000000089a00000, 0x0000000089a00000|100%| E|CS|TAMS 0x0000000089900000, 0x0000000089900000| Complete 

Card table byte_map: [0x00000261fab80000,0x00000261faf80000] _byte_map_base: 0x00000261fa773000

Marking Bits (Prev, Next): (CMBitMap*) 0x00000261e8059c70, (CMBitMap*) 0x00000261e8059cb0
 Prev Bits: [0x00000261fb380000, 0x00000261fd318000)
 Next Bits: [0x00000261fd320000, 0x00000261ff2b8000)

Polling page: 0x00000261e5f30000

Metaspace:

Usage:
  Non-class:     12.08 MB used.
      Class:      1.33 MB used.
       Both:     13.41 MB used.

Virtual space:
  Non-class space:       64.00 MB reserved,      12.12 MB ( 19%) committed,  1 nodes.
      Class space:        1.00 GB reserved,       1.44 MB ( <1%) committed,  1 nodes.
             Both:        1.06 GB reserved,      13.56 MB (  1%) committed. 

Chunk freelists:
   Non-Class:  3.77 MB
       Class:  14.61 MB
        Both:  18.38 MB

MaxMetaspaceSize: unlimited
CompressedClassSpaceSize: 1.00 GB
Initial GC threshold: 21.00 MB
Current GC threshold: 21.00 MB
CDS: off
MetaspaceReclaimPolicy: balanced
 - commit_granule_bytes: 65536.
 - commit_granule_words: 8192.
 - virtual_space_node_default_size: 8388608.
 - enlarge_chunks_in_place: 1.
 - new_chunks_are_fully_committed: 0.
 - uncommit_free_chunks: 1.
 - use_allocation_guard: 0.
 - handle_deallocations: 1.


Internal statistics:

num_allocs_failed_limit: 0.
num_arena_births: 92.
num_arena_deaths: 0.
num_vsnodes_births: 2.
num_vsnodes_deaths: 0.
num_space_committed: 217.
num_space_uncommitted: 0.
num_chunks_returned_to_freelist: 0.
num_chunks_taken_from_freelist: 194.
num_chunk_merges: 0.
num_chunk_splits: 108.
num_chunks_enlarged: 70.
num_inconsistent_stats: 0.

CodeHeap 'non-profiled nmethods': size=120000Kb used=241Kb max_used=241Kb free=119758Kb
 bounds [0x00000261f3250000, 0x00000261f34c0000, 0x00000261fa780000]
CodeHeap 'profiled nmethods': size=120000Kb used=1225Kb max_used=1225Kb free=118774Kb
 bounds [0x00000261eb780000, 0x00000261eb9f0000, 0x00000261f2cb0000]
CodeHeap 'non-nmethods': size=5760Kb used=1171Kb max_used=1186Kb free=4588Kb
 bounds [0x00000261f2cb0000, 0x00000261f2f20000, 0x00000261f3250000]
 total_blobs=1287 nmethods=821 adapters=379
 compilation: enabled
              stopped_count=0, restarted_count=0
 full_count=0

Compilation events (20 events):
Event: 0.702 Thread 0x00000261ff95c130 nmethod 812 0x00000261eb8a8390 code [0x00000261eb8a8540, 0x00000261eb8a88b8]
Event: 0.703 Thread 0x00000261ff95c130  813       3       jdk.internal.ref.CleanerFactory::cleaner (4 bytes)
Event: 0.703 Thread 0x00000261ff95c130 nmethod 813 0x00000261eb8a8a10 code [0x00000261eb8a8ba0, 0x00000261eb8a8c98]
Event: 0.706 Thread 0x00000261ff95c130  814       3       java.lang.ref.Cleaner::register (25 bytes)
Event: 0.706 Thread 0x00000261ff95c130 nmethod 814 0x00000261eb8a8d10 code [0x00000261eb8a8f00, 0x00000261eb8a9448]
Event: 0.706 Thread 0x00000261ff95c130  815       3       jdk.internal.ref.CleanerImpl$PhantomCleanableRef::<init> (12 bytes)
Event: 0.706 Thread 0x00000261ff95c130 nmethod 815 0x00000261eb8a9690 code [0x00000261eb8a9840, 0x00000261eb8a99e8]
Event: 0.707 Thread 0x00000261ff95c130  816       3       java.lang.invoke.InvokerBytecodeGenerator::emitPushArgument (150 bytes)
Event: 0.707 Thread 0x00000261ff95c130 nmethod 816 0x00000261eb8a9a90 code [0x00000261eb8a9d60, 0x00000261eb8aabe8]
Event: 0.708 Thread 0x00000261ff95c130  818   !   3       java.util.concurrent.ConcurrentHashMap::computeIfAbsent (576 bytes)
Event: 0.710 Thread 0x00000261ff95c130 nmethod 818 0x00000261eb8ab010 code [0x00000261eb8ab420, 0x00000261eb8ad758]
Event: 0.710 Thread 0x00000261ff95c130  817       3       java.lang.invoke.DirectMethodHandle::<init> (148 bytes)
Event: 0.711 Thread 0x00000261ff95c130 nmethod 817 0x00000261eb8ae810 code [0x00000261eb8aeac0, 0x00000261eb8afa08]
Event: 0.711 Thread 0x00000261ff95c130  819       3       jdk.internal.jimage.ImageLocation::verifyName (161 bytes)
Event: 0.712 Thread 0x00000261ff953810  820       4       jdk.internal.jimage.ImageStringsReader::unmaskedHashCode (166 bytes)
Event: 0.713 Thread 0x00000261ff95c130 nmethod 819 0x00000261eb8aff10 code [0x00000261eb8b0240, 0x00000261eb8b17f8]
Event: 0.716 Thread 0x00000261ff953810 nmethod 820 0x00000261f328bf90 code [0x00000261f328c120, 0x00000261f328c2c8]
Event: 0.716 Thread 0x00000261ff95c130  821       3       java.lang.ref.Reference::refersTo (6 bytes)
Event: 0.716 Thread 0x00000261ff95c130 nmethod 821 0x00000261eb8b2190 code [0x00000261eb8b2340, 0x00000261eb8b2508]
Event: 0.716 Thread 0x00000261ff95c130  822       3       java.lang.ref.Reference::refersToImpl (6 bytes)

GC Heap History (0 events):
No events

Dll operation events (1 events):
Event: 0.008 Loaded shared library C:\Program Files\JetBrains\PhpStorm 2024.1\jbr\bin\java.dll

Deoptimization events (14 events):
Event: 0.455 Thread 0x00000261e8000ef0 DEOPT PACKING pc=0x00000261eb7b082d sp=0x000000ce59afdf80
Event: 0.455 Thread 0x00000261e8000ef0 DEOPT UNPACKING pc=0x00000261f2d07143 sp=0x000000ce59afd418 mode 0
Event: 0.569 Thread 0x00000261e8000ef0 Uncommon trap: trap_request=0xffffff45 fr.pc=0x00000261f3268324 relative=0x0000000000000224
Event: 0.569 Thread 0x00000261e8000ef0 Uncommon trap: reason=unstable_if action=reinterpret pc=0x00000261f3268324 method=java.util.HashMap.putVal(ILjava/lang/Object;Ljava/lang/Object;ZZ)Ljava/lang/Object; @ 162 c2
Event: 0.569 Thread 0x00000261e8000ef0 DEOPT PACKING pc=0x00000261f3268324 sp=0x000000ce59afbbd0
Event: 0.569 Thread 0x00000261e8000ef0 DEOPT UNPACKING pc=0x00000261f2d069a3 sp=0x000000ce59afbb08 mode 2
Event: 0.603 Thread 0x00000261e8000ef0 DEOPT PACKING pc=0x00000261eb7967e7 sp=0x000000ce59afbf50
Event: 0.603 Thread 0x00000261e8000ef0 DEOPT UNPACKING pc=0x00000261f2d07143 sp=0x000000ce59afb370 mode 0
Event: 0.629 Thread 0x00000261e8000ef0 Uncommon trap: trap_request=0xffffff45 fr.pc=0x00000261f3266be0 relative=0x00000000000003c0
Event: 0.629 Thread 0x00000261e8000ef0 Uncommon trap: reason=unstable_if action=reinterpret pc=0x00000261f3266be0 method=java.lang.StringLatin1.newString([BII)Ljava/lang/String; @ 1 c2
Event: 0.629 Thread 0x00000261e8000ef0 DEOPT PACKING pc=0x00000261f3266be0 sp=0x000000ce59afe730
Event: 0.629 Thread 0x00000261e8000ef0 DEOPT UNPACKING pc=0x00000261f2d069a3 sp=0x000000ce59afe6f8 mode 2
Event: 0.663 Thread 0x00000261e8000ef0 DEOPT PACKING pc=0x00000261eb7957d1 sp=0x000000ce59afdf30
Event: 0.663 Thread 0x00000261e8000ef0 DEOPT UNPACKING pc=0x00000261f2d07143 sp=0x000000ce59afd3a8 mode 0

Classes unloaded (0 events):
No events

Classes redefined (0 events):
No events

Internal exceptions (20 events):
Event: 0.296 Thread 0x00000261e8000ef0 Exception <a 'sun/nio/fs/WindowsException'{0x000000008976cdb0}> (0x000000008976cdb0) 
thrown [s\src\hotspot\share\prims\jni.cpp, line 531]
Event: 0.318 Thread 0x00000261e8000ef0 Exception <a 'java/lang/NoSuchMethodError'{0x0000000089798550}: 'int java.lang.invoke.DirectMethodHandle$Holder.invokeStaticInit(java.lang.Object, java.lang.Object, java.lang.Object, java.lang.Object)'> (0x0000000089798550) 
thrown [s\src\hotspot\share\interpreter\linkResolver.cpp, line 771]
Event: 0.321 Thread 0x00000261e8000ef0 Exception <a 'java/lang/NoSuchMethodError'{0x00000000897a31b0}: 'java.lang.Object java.lang.invoke.DirectMethodHandle$Holder.invokeInterface(java.lang.Object, java.lang.Object)'> (0x00000000897a31b0) 
thrown [s\src\hotspot\share\interpreter\linkResolver.cpp, line 771]
Event: 0.321 Thread 0x00000261e8000ef0 Exception <a 'java/lang/IncompatibleClassChangeError'{0x00000000897a6ad0}: Found class java.lang.Object, but interface was expected> (0x00000000897a6ad0) 
thrown [s\src\hotspot\share\interpreter\linkResolver.cpp, line 838]
Event: 0.322 Thread 0x00000261e8000ef0 Exception <a 'java/lang/NoSuchMethodError'{0x00000000897a9e80}: 'void java.lang.invoke.DirectMethodHandle$Holder.invokeStatic(java.lang.Object, java.lang.Object)'> (0x00000000897a9e80) 
thrown [s\src\hotspot\share\interpreter\linkResolver.cpp, line 771]
Event: 0.322 Thread 0x00000261e8000ef0 Exception <a 'java/lang/NoSuchMethodError'{0x00000000897ad798}: 'void java.lang.invoke.DirectMethodHandle$Holder.invokeStaticInit(java.lang.Object, java.lang.Object)'> (0x00000000897ad798) 
thrown [s\src\hotspot\share\interpreter\linkResolver.cpp, line 771]
Event: 0.325 Thread 0x00000261e8000ef0 Exception <a 'java/lang/NoSuchMethodError'{0x00000000897b5330}: 'int java.lang.invoke.DirectMethodHandle$Holder.invokeStaticInit(java.lang.Object, java.lang.Object)'> (0x00000000897b5330) 
thrown [s\src\hotspot\share\interpreter\linkResolver.cpp, line 771]
Event: 0.387 Thread 0x00000261e8000ef0 Exception <a 'java/lang/NoSuchMethodError'{0x000000008969b6a0}: 'java.lang.Object java.lang.invoke.DirectMethodHandle$Holder.invokeStaticInit(java.lang.Object, int, int, int, int)'> (0x000000008969b6a0) 
thrown [s\src\hotspot\share\interpreter\linkResolver.cpp, line 771]
Event: 0.462 Thread 0x00000261e8000ef0 Exception <a 'java/lang/NoSuchMethodError'{0x0000000089578928}: 'java.lang.Object java.lang.invoke.DirectMethodHandle$Holder.invokeStaticInit(java.lang.Object, java.lang.Object, int, int, int, int)'> (0x0000000089578928) 
thrown [s\src\hotspot\share\interpreter\linkResolver.cpp, line 771]
Event: 0.475 Thread 0x00000261e8000ef0 Exception <a 'java/lang/NoSuchMethodError'{0x00000000895e21f8}: 'java.lang.Object java.lang.invoke.DirectMethodHandle$Holder.invokeStatic(java.lang.Object, java.lang.Object, int)'> (0x00000000895e21f8) 
thrown [s\src\hotspot\share\interpreter\linkResolver.cpp, line 771]
Event: 0.476 Thread 0x00000261e8000ef0 Exception <a 'java/lang/NoSuchMethodError'{0x00000000895e5970}: 'java.lang.Object java.lang.invoke.DirectMethodHandle$Holder.invokeStaticInit(java.lang.Object, java.lang.Object, int)'> (0x00000000895e5970) 
thrown [s\src\hotspot\share\interpreter\linkResolver.cpp, line 771]
Event: 0.477 Thread 0x00000261e8000ef0 Exception <a 'java/lang/NoSuchMethodError'{0x00000000895ebd20}: 'java.lang.Object java.lang.invoke.DirectMethodHandle$Holder.newInvokeSpecial(java.lang.Object, java.lang.Object, int)'> (0x00000000895ebd20) 
thrown [s\src\hotspot\share\interpreter\linkResolver.cpp, line 771]
Event: 0.481 Thread 0x00000261e8000ef0 Exception <a 'java/lang/NoSuchMethodError'{0x00000000895fb5e8}: 'int java.lang.invoke.DirectMethodHandle$Holder.invokeStaticInit(java.lang.Object, java.lang.Object, java.lang.Object)'> (0x00000000895fb5e8) 
thrown [s\src\hotspot\share\interpreter\linkResolver.cpp, line 771]
Event: 0.484 Thread 0x00000261e8000ef0 Exception <a 'java/lang/NoSuchMethodError'{0x000000008940bc78}: 'int java.lang.invoke.DirectMethodHandle$Holder.invokeSpecial(java.lang.Object, java.lang.Object, java.lang.Object)'> (0x000000008940bc78) 
thrown [s\src\hotspot\share\interpreter\linkResolver.cpp, line 771]
Event: 0.486 Thread 0x00000261e8000ef0 Exception <a 'java/lang/NoSuchMethodError'{0x0000000089414058}: 'int java.lang.invoke.DirectMethodHandle$Holder.invokeSpecialIFC(java.lang.Object, java.lang.Object, java.lang.Object)'> (0x0000000089414058) 
thrown [s\src\hotspot\share\interpreter\linkResolver.cpp, line 771]
Event: 0.529 Thread 0x00000261e8000ef0 Exception <a 'java/lang/NoSuchMethodError'{0x00000000894a1268}: 'java.lang.Object java.lang.invoke.DirectMethodHandle$Holder.invokeStaticInit(java.lang.Object)'> (0x00000000894a1268) 
thrown [s\src\hotspot\share\interpreter\linkResolver.cpp, line 771]
Event: 0.643 Thread 0x00000261e8000ef0 Exception <a 'java/lang/NoSuchMethodError'{0x00000000892afed0}: 'java.lang.Object java.lang.invoke.DirectMethodHandle$Holder.newInvokeSpecial(java.lang.Object, java.lang.Object, java.lang.Object, java.lang.Object, java.lang.Object)'> (0x00000000892afed0) 
thrown [s\src\hotspot\share\interpreter\linkResolver.cpp, line 771]
Event: 0.693 Thread 0x00000261e8000ef0 Exception <a 'java/lang/NoSuchMethodError'{0x000000008903c038}: 'java.lang.Object java.lang.invoke.DirectMethodHandle$Holder.invokeSpecial(java.lang.Object, java.lang.Object, java.lang.Object, java.lang.Object, int)'> (0x000000008903c038) 
thrown [s\src\hotspot\share\interpreter\linkResolver.cpp, line 771]
Event: 0.693 Thread 0x00000261e8000ef0 Exception <a 'java/lang/NoSuchMethodError'{0x000000008903fc00}: 'java.lang.Object java.lang.invoke.Invokers$Holder.linkToTargetMethod(java.lang.Object, java.lang.Object, int, java.lang.Object)'> (0x000000008903fc00) 
thrown [s\src\hotspot\share\interpreter\linkResolver.cpp, line 771]
Event: 0.706 Thread 0x00000261e8000ef0 Exception <a 'java/lang/NoSuchMethodError'{0x00000000890a0330}: 'void java.lang.invoke.DirectMethodHandle$Holder.invokeSpecial(java.lang.Object, java.lang.Object, java.lang.Object)'> (0x00000000890a0330) 
thrown [s\src\hotspot\share\interpreter\linkResolver.cpp, line 771]

VM Operations (8 events):
Event: 0.156 Executing VM operation: HandshakeAllThreads
Event: 0.156 Executing VM operation: HandshakeAllThreads done
Event: 0.178 Executing VM operation: HandshakeAllThreads
Event: 0.178 Executing VM operation: HandshakeAllThreads done
Event: 0.405 Executing VM operation: HandshakeAllThreads
Event: 0.405 Executing VM operation: HandshakeAllThreads done
Event: 0.533 Executing VM operation: HandshakeAllThreads
Event: 0.533 Executing VM operation: HandshakeAllThreads done

Events (20 events):
Event: 0.705 loading class java/util/concurrent/ConcurrentLinkedDeque$Node
Event: 0.705 loading class java/util/concurrent/ConcurrentLinkedDeque$Node done
Event: 0.708 loading class java/net/StandardSocketOptions
Event: 0.708 loading class java/net/StandardSocketOptions done
Event: 0.708 loading class java/net/StandardSocketOptions$StdSocketOption
Event: 0.708 loading class java/net/StandardSocketOptions$StdSocketOption done
Event: 0.708 loading class sun/nio/ch/SocketChannelImpl$DefaultOptionsHolder
Event: 0.708 loading class sun/nio/ch/SocketChannelImpl$DefaultOptionsHolder done
Event: 0.708 loading class sun/nio/ch/ExtendedSocketOption
Event: 0.708 loading class sun/nio/ch/ExtendedSocketOption done
Event: 0.708 loading class sun/nio/ch/ExtendedSocketOption$1
Event: 0.708 loading class sun/nio/ch/ExtendedSocketOption$1 done
Event: 0.709 loading class sun/nio/ch/SocketOptionRegistry
Event: 0.709 loading class sun/nio/ch/SocketOptionRegistry done
Event: 0.709 loading class sun/nio/ch/SocketOptionRegistry$RegistryKey
Event: 0.709 loading class sun/nio/ch/SocketOptionRegistry$RegistryKey done
Event: 0.709 loading class sun/nio/ch/SocketOptionRegistry$LazyInitialization
Event: 0.709 loading class sun/nio/ch/SocketOptionRegistry$LazyInitialization done
Event: 0.709 loading class sun/nio/ch/OptionKey
Event: 0.709 loading class sun/nio/ch/OptionKey done


Dynamic libraries:
0x00007ff65d0c0000 - 0x00007ff65d0ca000 	C:\Program Files\JetBrains\PhpStorm 2024.1\jbr\bin\java.exe
0x00007ffb07650000 - 0x00007ffb07848000 	C:\WINDOWS\SYSTEM32\ntdll.dll
0x00007ffb065d0000 - 0x00007ffb06691000 	C:\WINDOWS\System32\KERNEL32.DLL
0x00007ffb050c0000 - 0x00007ffb053bd000 	C:\WINDOWS\System32\KERNELBASE.dll
0x00007ffb04ef0000 - 0x00007ffb04ff0000 	C:\WINDOWS\System32\ucrtbase.dll
0x00007ffafdc50000 - 0x00007ffafdc67000 	C:\Program Files\JetBrains\PhpStorm 2024.1\jbr\bin\jli.dll
0x00007ffafb8b0000 - 0x00007ffafb8cb000 	C:\Program Files\JetBrains\PhpStorm 2024.1\jbr\bin\VCRUNTIME140.dll
0x00007ffb057c0000 - 0x00007ffb0595d000 	C:\WINDOWS\System32\USER32.dll
0x00007ffaf6550000 - 0x00007ffaf67ea000 	C:\WINDOWS\WinSxS\amd64_microsoft.windows.common-controls_6595b64144ccf1df_6.0.19041.4355_none_60b8b9eb71f62e16\COMCTL32.dll
0x00007ffb05590000 - 0x00007ffb055b2000 	C:\WINDOWS\System32\win32u.dll
0x00007ffb067b0000 - 0x00007ffb0684e000 	C:\WINDOWS\System32\msvcrt.dll
0x00007ffb066b0000 - 0x00007ffb066db000 	C:\WINDOWS\System32\GDI32.dll
0x00007ffb053c0000 - 0x00007ffb054d7000 	C:\WINDOWS\System32\gdi32full.dll
0x00007ffb05020000 - 0x00007ffb050bd000 	C:\WINDOWS\System32\msvcp_win.dll
0x00007ffb07080000 - 0x00007ffb070af000 	C:\WINDOWS\System32\IMM32.DLL
0x00007ffb01520000 - 0x00007ffb0152c000 	C:\Program Files\JetBrains\PhpStorm 2024.1\jbr\bin\vcruntime140_1.dll
0x00007ffaebd00000 - 0x00007ffaebd8d000 	C:\Program Files\JetBrains\PhpStorm 2024.1\jbr\bin\msvcp140.dll
0x00007ffad5830000 - 0x00007ffad64b2000 	C:\Program Files\JetBrains\PhpStorm 2024.1\jbr\bin\server\jvm.dll
0x00007ffb07440000 - 0x00007ffb074f0000 	C:\WINDOWS\System32\ADVAPI32.dll
0x00007ffb06fe0000 - 0x00007ffb07080000 	C:\WINDOWS\System32\sechost.dll
0x00007ffb07140000 - 0x00007ffb07263000 	C:\WINDOWS\System32\RPCRT4.dll
0x00007ffb04ff0000 - 0x00007ffb05017000 	C:\WINDOWS\System32\bcrypt.dll
0x00007ffafbab0000 - 0x00007ffafbab9000 	C:\WINDOWS\SYSTEM32\WSOCK32.dll
0x00007ffb04aa0000 - 0x00007ffb04aeb000 	C:\WINDOWS\SYSTEM32\POWRPROF.dll
0x00007ffb073d0000 - 0x00007ffb0743b000 	C:\WINDOWS\System32\WS2_32.dll
0x00007ffaf9c90000 - 0x00007ffaf9cb7000 	C:\WINDOWS\SYSTEM32\WINMM.dll
0x00007ffafaad0000 - 0x00007ffafaada000 	C:\WINDOWS\SYSTEM32\VERSION.dll
0x00007ffb04a50000 - 0x00007ffb04a62000 	C:\WINDOWS\SYSTEM32\UMPDC.dll
0x00007ffb03510000 - 0x00007ffb03522000 	C:\WINDOWS\SYSTEM32\kernel.appcore.dll
0x00007ffb014a0000 - 0x00007ffb014aa000 	C:\Program Files\JetBrains\PhpStorm 2024.1\jbr\bin\jimage.dll
0x00007ffb032f0000 - 0x00007ffb034d4000 	C:\WINDOWS\SYSTEM32\DBGHELP.DLL
0x00007ffaf3470000 - 0x00007ffaf34a4000 	C:\WINDOWS\SYSTEM32\dbgcore.DLL
0x00007ffb04d00000 - 0x00007ffb04d82000 	C:\WINDOWS\System32\bcryptPrimitives.dll
0x00007ffb01270000 - 0x00007ffb01295000 	C:\Program Files\JetBrains\PhpStorm 2024.1\jbr\bin\java.dll
0x00007ffb01320000 - 0x00007ffb01338000 	C:\Program Files\JetBrains\PhpStorm 2024.1\jbr\bin\zip.dll
0x00007ffb06870000 - 0x00007ffb06fdf000 	C:\WINDOWS\System32\SHELL32.dll
0x00007ffb02a90000 - 0x00007ffb0322f000 	C:\WINDOWS\SYSTEM32\windows.storage.dll
0x00007ffb061c0000 - 0x00007ffb06513000 	C:\WINDOWS\System32\combase.dll
0x00007ffb046b0000 - 0x00007ffb046de000 	C:\WINDOWS\SYSTEM32\Wldp.dll
0x00007ffb066e0000 - 0x00007ffb067ad000 	C:\WINDOWS\System32\OLEAUT32.dll
0x00007ffb059c0000 - 0x00007ffb05a6d000 	C:\WINDOWS\System32\SHCORE.dll
0x00007ffb07360000 - 0x00007ffb073b5000 	C:\WINDOWS\System32\shlwapi.dll
0x00007ffb04c30000 - 0x00007ffb04c54000 	C:\WINDOWS\SYSTEM32\profapi.dll
0x00007ffb012b0000 - 0x00007ffb012c9000 	C:\Program Files\JetBrains\PhpStorm 2024.1\jbr\bin\net.dll
0x00007ffaff000000 - 0x00007ffaff10d000 	C:\WINDOWS\SYSTEM32\WINHTTP.dll
0x00007ffb04410000 - 0x00007ffb0447a000 	C:\WINDOWS\system32\mswsock.dll
0x00007ffafee10000 - 0x00007ffafee26000 	C:\Program Files\JetBrains\PhpStorm 2024.1\jbr\bin\nio.dll
0x00007ffb04600000 - 0x00007ffb04618000 	C:\WINDOWS\SYSTEM32\CRYPTSP.dll
0x00007ffb03cd0000 - 0x00007ffb03d04000 	C:\WINDOWS\system32\rsaenh.dll
0x00007ffb04ba0000 - 0x00007ffb04bce000 	C:\WINDOWS\SYSTEM32\USERENV.dll
0x00007ffb04620000 - 0x00007ffb0462c000 	C:\WINDOWS\SYSTEM32\CRYPTBASE.dll
0x00007ffb04090000 - 0x00007ffb040cb000 	C:\WINDOWS\SYSTEM32\IPHLPAPI.DLL
0x00007ffb073c0000 - 0x00007ffb073c8000 	C:\WINDOWS\System32\NSI.dll
0x00007ffafcc60000 - 0x00007ffafcc77000 	C:\WINDOWS\SYSTEM32\dhcpcsvc6.DLL
0x00007ffafd200000 - 0x00007ffafd21d000 	C:\WINDOWS\SYSTEM32\dhcpcsvc.DLL
0x00007ffb040d0000 - 0x00007ffb0419a000 	C:\WINDOWS\SYSTEM32\DNSAPI.dll
0x00007ffafe980000 - 0x00007ffafe98e000 	C:\Program Files\JetBrains\PhpStorm 2024.1\jbr\bin\sunmscapi.dll
0x00007ffb04d90000 - 0x00007ffb04eee000 	C:\WINDOWS\System32\CRYPT32.dll
0x00007ffb04720000 - 0x00007ffb04749000 	C:\WINDOWS\SYSTEM32\ncrypt.dll
0x00007ffb046e0000 - 0x00007ffb0471b000 	C:\WINDOWS\SYSTEM32\NTASN1.dll
0x00007ffafe960000 - 0x00007ffafe967000 	C:\WINDOWS\system32\wshunix.dll
0x00007ffafe820000 - 0x00007ffafe829000 	C:\Program Files\JetBrains\PhpStorm 2024.1\jbr\bin\extnet.dll

dbghelp: loaded successfully - version: 4.0.5 - missing functions: none
symbol engine: initialized successfully - sym options: 0x614 - pdb path: .;C:\Program Files\JetBrains\PhpStorm 2024.1\jbr\bin;C:\WINDOWS\SYSTEM32;C:\WINDOWS\WinSxS\amd64_microsoft.windows.common-controls_6595b64144ccf1df_6.0.19041.4355_none_60b8b9eb71f62e16;C:\Program Files\JetBrains\PhpStorm 2024.1\jbr\bin\server

VM Arguments:
java_command: git4idea.http.GitAskPassApp Username for 'https://github.com': 
java_class_path (initial): C:/Program Files/JetBrains/PhpStorm 2024.1/plugins/vcs-git/lib/git4idea-rt.jar;C:/Program Files/JetBrains/PhpStorm 2024.1/lib/externalProcess-rt.jar
Launcher Type: SUN_STANDARD

[Global flags]
     intx CICompilerCount                          = 3                                         {product} {ergonomic}
     uint ConcGCThreads                            = 1                                         {product} {ergonomic}
     uint G1ConcRefinementThreads                  = 4                                         {product} {ergonomic}
   size_t G1HeapRegionSize                         = 1048576                                   {product} {ergonomic}
    uintx GCDrainStackTargetSize                   = 64                                        {product} {ergonomic}
   size_t InitialHeapSize                          = 134217728                                 {product} {ergonomic}
   size_t MarkStackSize                            = 4194304                                   {product} {ergonomic}
   size_t MaxHeapSize                              = 2120220672                                {product} {ergonomic}
   size_t MaxNewSize                               = 1271922688                                {product} {ergonomic}
   size_t MinHeapDeltaBytes                        = 1048576                                   {product} {ergonomic}
   size_t MinHeapSize                              = 8388608                                   {product} {ergonomic}
    uintx NonNMethodCodeHeapSize                   = 5832780                                {pd product} {ergonomic}
    uintx NonProfiledCodeHeapSize                  = 122912730                              {pd product} {ergonomic}
    uintx ProfiledCodeHeapSize                     = 122912730                              {pd product} {ergonomic}
    uintx ReservedCodeCacheSize                    = 251658240                              {pd product} {ergonomic}
     bool SegmentedCodeCache                       = true                                      {product} {ergonomic}
   size_t SoftMaxHeapSize                          = 2120220672                             {manageable} {ergonomic}
     bool UseCompressedClassPointers               = true                           {product lp64_product} {ergonomic}
     bool UseCompressedOops                        = true                           {product lp64_product} {ergonomic}
     bool UseG1GC                                  = true                                      {product} {ergonomic}
     bool UseLargePagesIndividualAllocation        = false                                  {pd product} {ergonomic}

Logging:
Log output configuration:
 #0: stdout all=warning uptime,level,tags
 #1: stderr all=off uptime,level,tags

Environment Variables:
PATH=C:\Program Files\Git\mingw64\libexec\git-core;C:\Program Files\Git\mingw64\libexec\git-core;C:\Program Files\Git\mingw64\bin;C:\Program Files\Git\usr\bin;C:\Users\hp 165\bin;C:\Program Files (x86)\NVIDIA Corporation\PhysX\Common;C:\Program Files (x86)\Intel\iCLS Client;C:\Program Files\Intel\iCLS Client;C:\WINDOWS\system32;C:\WINDOWS;C:\WINDOWS\System32\Wbem;C:\WINDOWS\System32\WindowsPowerShell\v1.0;C:\Program Files (x86)\Windows Live\Shared;C:\Program Files (x86)\Intel\OpenCL SDK\2.0\bin\x86;C:\Program Files (x86)\Intel\OpenCL SDK\2.0\bin\x64;C:\Program Files\Intel\Intel(R) Management Engine Components\DAL;C:\Program Files\Intel\Intel(R) Management Engine Components\IPT;C:\Program Files (x86)\Intel\Intel(R) Management Engine Components\DAL;C:\Program Files (x86)\Intel\Intel(R) Management Engine Components\IPT;C:\WINDOWS\System32\OpenSSH;C:\Program Files\OpenVPN\bin;C:\Program Files\PuTTY;C:\Program Files (x86)\mingw-w64\i686-8.1.0-posix-dwarf-rt_v6-rev0\mingw32\bin;C:\Program Files\Git\cmd;C:\Users\hp 165\AppData\Local\Microsoft\WindowsApps;C:\Users\hp 165\AppData\Local\Programs\Microsoft VS Code\bin;C:\Program Files\JetBrains\PhpStorm 2024.1\bin
USERNAME=hp 165
DISPLAY=:0.0
LC_ALL=en_US.UTF-8
TERM=xterm-256color
TMPDIR=C:\Users\HP165~1\AppData\Local\Temp
OS=Windows_NT
PROCESSOR_IDENTIFIER=Intel64 Family 6 Model 58 Stepping 9, GenuineIntel
TMP=C:\Users\HP165~1\AppData\Local\Temp
TEMP=C:\Users\HP165~1\AppData\Local\Temp



Periodic native trim disabled

JNI global refs:
JNI global refs: 18, weak refs: 0

JNI global refs memory usage: 843, weak refs: 209

OOME stack traces (most recent first):
Classloader memory used:
